<?xml version="1.0" encoding="UTF-8"?>
<!-- Generated by org.testng.reporters.JUnitReportReporter -->
<testsuite skipped="0" hostname="DESKTOP-KVV1592" name="org.testing.TestScripts.TC3" tests="1" failures="0" timestamp="26 Jan 2019 18:58:11 GMT" time="53.381" errors="0">
  <testcase name="thirdTestCase" time="53.381" classname="org.testing.TestScripts.TC3"/>
</testsuite> <!-- org.testing.TestScripts.TC3 -->
