<?xml version="1.0" encoding="UTF-8"?>
<!-- Generated by org.testng.reporters.JUnitReportReporter -->
<testsuite skipped="0" hostname="DESKTOP-KVV1592" name="org.testing.TestScripts.TC1" tests="1" failures="0" timestamp="20 Jan 2019 12:23:36 GMT" time="30.871" errors="0">
  <testcase name="firstTestCase" time="30.871" classname="org.testing.TestScripts.TC1"/>
</testsuite> <!-- org.testing.TestScripts.TC1 -->
