<?xml version="1.0" encoding="UTF-8"?>
<!-- Generated by org.testng.reporters.JUnitReportReporter -->
<testsuite skipped="0" hostname="DESKTOP-KVV1592" name="org.testing.TestScripts.TC4" tests="1" failures="0" timestamp="14 Jan 2019 09:09:22 GMT" time="28.414" errors="0">
  <testcase name="fourthTestCase" time="28.414" classname="org.testing.TestScripts.TC4"/>
</testsuite> <!-- org.testing.TestScripts.TC4 -->
