<?xml version="1.0" encoding="UTF-8"?>
<!-- Generated by org.testng.reporters.JUnitReportReporter -->
<testsuite skipped="0" hostname="LAPTOP-6KSVJ6TI" name="org.testing.TestScripts.TC3" tests="1" failures="0" timestamp="20 Mar 2019 14:53:40 GMT" time="124.886" errors="0">
  <testcase name="thirdTestCase" time="124.886" classname="org.testing.TestScripts.TC3"/>
</testsuite> <!-- org.testing.TestScripts.TC3 -->
