<?xml version="1.0" encoding="UTF-8"?>
<!-- Generated by org.testng.reporters.JUnitReportReporter -->
<testsuite skipped="0" hostname="DESKTOP-KVV1592" name="org.testing.TestScripts.TC1" tests="1" failures="0" timestamp="10 Feb 2019 11:24:49 GMT" time="47.658" errors="0">
  <testcase name="firstTestCase" time="47.658" classname="org.testing.TestScripts.TC1"/>
</testsuite> <!-- org.testing.TestScripts.TC1 -->
