<?xml version="1.0" encoding="UTF-8"?>
<!-- Generated by org.testng.reporters.JUnitReportReporter -->
<testsuite skipped="0" hostname="DESKTOP-KVV1592" name="org.testing.TestScripts.TC2" tests="1" failures="0" timestamp="13 Jan 2019 19:13:37 GMT" time="42.917" errors="0">
  <testcase name="firstTestCase" time="42.917" classname="org.testing.TestScripts.TC2"/>
</testsuite> <!-- org.testing.TestScripts.TC2 -->
