<?xml version="1.0" encoding="UTF-8"?>
<!-- Generated by org.testng.reporters.JUnitReportReporter -->
<testsuite skipped="0" hostname="DESKTOP-KVV1592" name="org.testing.TestScripts.TC1" tests="1" failures="0" timestamp="26 Jan 2019 17:40:08 GMT" time="56.797" errors="0">
  <testcase name="firstTestCase" time="56.797" classname="org.testing.TestScripts.TC1"/>
</testsuite> <!-- org.testing.TestScripts.TC1 -->
