<?xml version="1.0" encoding="UTF-8"?>
<!-- Generated by org.testng.reporters.JUnitReportReporter -->
<testsuite skipped="0" hostname="DESKTOP-KVV1592" name="org.testing.TestScripts.Practice" tests="1" failures="0" timestamp="20 Jan 2019 15:02:22 GMT" time="0.015" errors="0">
  <testcase name="Demo" time="0.015" classname="org.testing.TestScripts.Practice"/>
</testsuite> <!-- org.testing.TestScripts.Practice -->
