<?xml version="1.0" encoding="UTF-8"?>
<!-- Generated by org.testng.reporters.JUnitReportReporter -->
<testsuite skipped="0" hostname="DESKTOP-KVV1592" name="org.testing.TestScripts.TC4" tests="1" failures="0" timestamp="20 Jan 2019 14:35:56 GMT" time="46.633" errors="0">
  <testcase name="fourthTestCase" time="46.633" classname="org.testing.TestScripts.TC4"/>
</testsuite> <!-- org.testing.TestScripts.TC4 -->
