<?xml version="1.0" encoding="UTF-8"?>
<!-- Generated by org.testng.reporters.JUnitReportReporter -->
<testsuite skipped="0" hostname="DESKTOP-KVV1592" name="org.testing.TestScripts.TC2" tests="1" failures="0" timestamp="20 Jan 2019 12:24:44 GMT" time="29.146" errors="0">
  <testcase name="secondTestCase" time="29.146" classname="org.testing.TestScripts.TC2"/>
</testsuite> <!-- org.testing.TestScripts.TC2 -->
